[1/10] Performing build step for 'bootloader'
[1/1] C:\WINDOWS\system32\cmd.exe /C "cd /D C:\Users\BiLKANCOMPUTERS\Desktop\School\CNG492\DashboardApplication\build\bootloader\esp-idf\esptool_py && C:\Users\BiLKANCOMPUTERS\.espressif\python_env\idf5.4_py3.11_env\Scripts\python.exe C:/Users/BiLKANCOMPUTERS/esp/v5.4/esp-idf/components/partition_table/check_sizes.py --offset 0x8000 bootloader 0x0 C:/Users/BiLKANCOMPUTERS/Desktop/School/CNG492/DashboardApplication/build/bootloader/bootloader.bin"
Bootloader binary size 0x5710 bytes. 0x28f0 bytes (32%) free.
[2/10] No install step for 'bootloader'
[3/10] Completed 'bootloader'
[4/10] Building C object esp-idf/main/CMakeFiles/__idf_main.dir/ui/ui_helpers.c.obj
[5/10] Linking C static library esp-idf\main\libmain.a
[6/10] Generating ld/sections.ld
info: INFO: Symbol LV_MEM_SIZE_KILOBYTES defined in multiple locations (see below). Please check if this is a correct behavior or a random name match:
    C:\Users\BiLKANCOMPUTERS\Desktop\School\CNG492\DashboardApplication\main\Kconfig.projbuild:2
    C:\Users\BiLKANCOMPUTERS\Desktop\School\CNG492\DashboardApplication\components\lvgl__lvgl\Kconfig:95
info: INFO: Symbol BT_ENABLED defined in multiple locations (see below). Please check if this is a correct behavior or a random name match:
    C:\Users\BiLKANCOMPUTERS\Desktop\School\CNG492\DashboardApplication\main\Kconfig.projbuild:5
    C:\Users\BiLKANCOMPUTERS\esp\v5.4\esp-idf\components\bt\Kconfig:3
info: INFO: Symbol BT_BLE_50_FEATURES_SUPPORTED defined in multiple locations (see below). Please check if this is a correct behavior or a random name match:
    C:\Users\BiLKANCOMPUTERS\Desktop\School\CNG492\DashboardApplication\main\Kconfig.projbuild:9
    C:\Users\BiLKANCOMPUTERS\esp\v5.4\esp-idf\components\bt\host\bluedroid\Kconfig.in:1219
info: INFO: Symbol BT_BLE_42_FEATURES_SUPPORTED defined in multiple locations (see below). Please check if this is a correct behavior or a random name match:
    C:\Users\BiLKANCOMPUTERS\esp\v5.4\esp-idf\components\bt\host\bluedroid\Kconfig.in:1229
    C:\Users\BiLKANCOMPUTERS\Desktop\School\CNG492\DashboardApplication\main\Kconfig.projbuild:13
[7/10] Building C object CMakeFiles/ESP32-S3-Touch-LCD-1.46-Test.elf.dir/project_elf_src_esp32s3.c.obj
[8/10] Linking CXX executable ESP32-S3-Touch-LCD-1.46-Test.elf
FAILED: ESP32-S3-Touch-LCD-1.46-Test.elf 
C:\WINDOWS\system32\cmd.exe /C "cd . && C:\Users\BiLKANCOMPUTERS\.espressif\tools\xtensa-esp-elf\esp-14.2.0_20241119\xtensa-esp-elf\bin\xtensa-esp32s3-elf-g++.exe -mlongcalls  -fno-builtin-memcpy -fno-builtin-memset -fno-builtin-bzero -fno-builtin-stpcpy -fno-builtin-strncpy -Wl,--cref -Wl,--defsym=IDF_TARGET_ESP32S3=0 -Wl,--Map=C:/Users/BiLKANCOMPUTERS/Desktop/School/CNG492/DashboardApplication/build/ESP32-S3-Touch-LCD-1.46-Test.map -Wl,--no-warn-rwx-segments -fno-rtti -fno-lto -Wl,--gc-sections -Wl,--warn-common -T esp32s3.peripherals.ld -T esp32s3.rom.ld -T esp32s3.rom.api.ld -T esp32s3.rom.bt_funcs.ld -T esp32s3.rom.libgcc.ld -T esp32s3.rom.wdt.ld -T esp32s3.rom.version.ld -T esp32s3.rom.newlib.ld -T memory.ld -T sections.ld @CMakeFiles\ESP32-S3-Touch-LCD-1.46-Test.elf.rsp -o ESP32-S3-Touch-LCD-1.46-Test.elf && cd ."
C:/Users/BiLKANCOMPUTERS/.espressif/tools/xtensa-esp-elf/esp-14.2.0_20241119/xtensa-esp-elf/bin/../lib/gcc/xtensa-esp-elf/14.2.0/../../../../xtensa-esp-elf/bin/ld.exe: esp-idf/main/libmain.a(ui_FilteringOptionsPage2.c.obj):(.literal.ui_FilteringOptionsPage2_screen_init+0x94): undefined reference to `ui_img_plus_png'
C:/Users/BiLKANCOMPUTERS/.espressif/tools/xtensa-esp-elf/esp-14.2.0_20241119/xtensa-esp-elf/bin/../lib/gcc/xtensa-esp-elf/14.2.0/../../../../xtensa-esp-elf/bin/ld.exe: esp-idf/main/libmain.a(ui_LoginScreen.c.obj):(.literal.ui_LoginScreen_screen_init+0x4): undefined reference to `ui_img_padlock_png'
C:/Users/BiLKANCOMPUTERS/.espressif/tools/xtensa-esp-elf/esp-14.2.0_20241119/xtensa-esp-elf/bin/../lib/gcc/xtensa-esp-elf/14.2.0/../../../../xtensa-esp-elf/bin/ld.exe: esp-idf/main/libmain.a(ui_MainPage.c.obj):(.literal.ui_MainPage_screen_init+0x8): undefined reference to `ui_img_filter_png'
C:/Users/BiLKANCOMPUTERS/.espressif/tools/xtensa-esp-elf/esp-14.2.0_20241119/xtensa-esp-elf/bin/../lib/gcc/xtensa-esp-elf/14.2.0/../../../../xtensa-esp-elf/bin/ld.exe: esp-idf/main/libmain.a(ui_MainPage.c.obj):(.literal.ui_MainPage_screen_init+0x18): undefined reference to `ui_img_analytics_png'
C:/Users/BiLKANCOMPUTERS/.espressif/tools/xtensa-esp-elf/esp-14.2.0_20241119/xtensa-esp-elf/bin/../lib/gcc/xtensa-esp-elf/14.2.0/../../../../xtensa-esp-elf/bin/ld.exe: esp-idf/main/libmain.a(ui_MainPage.c.obj):(.literal.ui_MainPage_screen_init+0x28): undefined reference to `ui_img_user_png'
C:/Users/BiLKANCOMPUTERS/.espressif/tools/xtensa-esp-elf/esp-14.2.0_20241119/xtensa-esp-elf/bin/../lib/gcc/xtensa-esp-elf/14.2.0/../../../../xtensa-esp-elf/bin/ld.exe: esp-idf/main/libmain.a(ui_SaveSamplingRateNotification.c.obj):(.literal.ui_SaveSamplingRateNotification_screen_init+0xc): undefined reference to `ui_img_checked_png'
collect2.exe: error: ld returned 1 exit status
ninja: build stopped: subcommand failed.
